<?xml version="1.0" encoding="UTF-8"?>
<!-- Generated by org.testng.reporters.JUnitReportReporter -->
<testsuite hostname="DESKTOP-KNRP5GS" failures="0" tests="5" name="com.crm.comcast.MavenCommandPractise01.CreateProductsTest" time="0.134" errors="0" timestamp="2022-01-25T22:14:35 IST" skipped="0">
  <testcase classname="com.crm.comcast.MavenCommandPractise01.CreateProductsTest" name="CreateProductsTest04" time="0.029"/>
  <system-out/>
  <testcase classname="com.crm.comcast.MavenCommandPractise01.CreateProductsTest" name="CreateProductsTest01" time="0.037"/>
  <system-out/>
  <testcase classname="com.crm.comcast.MavenCommandPractise01.CreateProductsTest" name="CreateProductsTest02" time="0.034"/>
  <system-out/>
  <testcase classname="com.crm.comcast.MavenCommandPractise01.CreateProductsTest" name="CreateProductsTest03" time="0.014"/>
  <system-out/>
  <testcase classname="com.crm.comcast.MavenCommandPractise01.CreateProductsTest" name="CreateProductsTest05" time="0.020"/>
  <system-out/>
</testsuite> <!-- com.crm.comcast.MavenCommandPractise01.CreateProductsTest -->
